<?xml version="1.0" encoding="UTF-8"?>
<!-- Generated by org.testng.reporters.JUnitXMLReporter -->
<testsuite ignored="2" hostname="IjasBincy" failures="0" tests="0" time="0.009" errors="0" timestamp="2024-06-18T20:24:40 IST">
  <testcase classname="OrangeHRM.TestCases" name="SideMenuOptionVerification" time="0.0">
    <ignored/>
  </testcase> <!-- SideMenuOptionVerification -->
  <testcase classname="OrangeHRM.TestCases" name="ForgotPasswordLinkVerification" time="0.0">
    <ignored/>
  </testcase> <!-- ForgotPasswordLinkVerification -->
</testsuite>
